Build started 11/13/2014 10:53:09 AM.
     1>Project "C:\Users\1043468\Desktop\Project Programming\ZZ - old\FileImporter\FileImporter\FileImporter.vcxproj" on node 2 (Build target(s)).
     1>C:\Program Files (x86)\MSBuild\Microsoft.Cpp\v4.0\V120\Microsoft.CppBuild.targets(381,5): warning MSB8028: The intermediate directory (Release\) contains files shared from another project (FileImporter.vcxproj).  This can lead to incorrect clean and rebuild behavior.
     1>ClCompile:
         C:\Program Files (x86)\Microsoft Visual Studio 12.0\VC\bin\CL.exe /c /Zi /nologo /W3 /WX- /sdl /O2 /Oi /Oy- /GL /D _MBCS /Gm- /EHsc /MD /GS /Gy /fp:precise /Zc:wchar_t /Zc:forScope /Fo"Release\\" /Fd"Release\vc120.pdb" /Gd /TP /analyze- /errorReport:prompt import_3d.cpp main.cpp
         import_3d.cpp
     1>import_3d.cpp(69): warning C4018: '<' : signed/unsigned mismatch
     1>import_3d.cpp(86): warning C4018: '<' : signed/unsigned mismatch
     1>import_3d.cpp(103): warning C4018: '<' : signed/unsigned mismatch
     1>import_3d.cpp(125): warning C4018: '<' : signed/unsigned mismatch
         main.cpp
       Link:
         C:\Program Files (x86)\Microsoft Visual Studio 12.0\VC\bin\link.exe /ERRORREPORT:PROMPT /OUT:"C:\Users\1043468\Desktop\Project Programming\ZZ - old\FileImporter\Release\FileConverter.exe" /NOLOGO kernel32.lib user32.lib gdi32.lib winspool.lib comdlg32.lib advapi32.lib shell32.lib ole32.lib oleaut32.lib uuid.lib odbc32.lib odbccp32.lib /MANIFEST /MANIFESTUAC:"level='asInvoker' uiAccess='false'" /manifest:embed /DEBUG /PDB:"C:\Users\1043468\Desktop\Project Programming\ZZ - old\FileImporter\Release\FileConverter.pdb" /OPT:REF /OPT:ICF /LTCG /TLBID:1 /DYNAMICBASE /NXCOMPAT /IMPLIB:"C:\Users\1043468\Desktop\Project Programming\ZZ - old\FileImporter\Release\FileConverter.lib" /MACHINE:X86 /SAFESEH Release\import_3d.obj
         Release\main.obj
         Release\OBJMesh.obj
         Generating code
         Finished generating code
         FileImporter.vcxproj -> C:\Users\1043468\Desktop\Project Programming\ZZ - old\FileImporter\Release\FileConverter.exe
     1>Done Building Project "C:\Users\1043468\Desktop\Project Programming\ZZ - old\FileImporter\FileImporter\FileImporter.vcxproj" (Build target(s)).

Build succeeded.

Time Elapsed 00:00:01.45
