
 -  08:51:24.717 - 	INFO:	  Building Right(East)
 -  08:51:24.717 - 	DEBUG2:		  Moving to:  --X:3, Y:9-- 
 -  08:51:24.717 - 	INFO:	  Tour: Position:  --X:2, Y:9-- 
 -  08:51:24.717 - 	DEBUG1:		Tour: X axis <=> Left: 1 - Right: 3
 -  08:51:24.717 - 	DEBUG1:		Tour: Y axis <=> Up: 10 - Down: 8
 -  08:51:24.717 - 	DEBUG3:		    Cell sent to Cartographer:  --X:2, Y:9-- 
 -  08:51:24.717 - 	DEBUG3:		    Cartographer:	 Marking Visited
 -  08:51:24.717 - 	DEBUG2:		  Tour: Down
 -  08:51:24.717 - 	DEBUG3:		    Cell sent to Cartographer:  --X:2, Y:8-- 
 -  08:51:24.717 - 	DEBUG2:		  Tour: Up
 -  08:51:24.717 - 	DEBUG3:		    Cell sent to Cartographer:  --X:2, Y:10-- 
 -  08:51:24.717 - 	DEBUG3:		    Cartographer:	 Marking Visited
 -  08:51:24.717 - 	DEBUG2:		  Tour: Left & Down
 -  08:51:24.717 - 	DEBUG3:		    Cell sent to Cartographer:  --X:1, Y:8-- 
 -  08:51:24.717 - 	DEBUG2:		  Tour: Left & Up
 -  08:51:24.717 - 	DEBUG3:		    Cell sent to Cartographer:  --X:1, Y:10-- 
 -  08:51:24.717 - 	INFO:	  Build Path: Adding position to PATH HISTORY --X:3, Y:9-- 
  
 -  08:51:24.717 - 	INFO:	  	Getting Directions....
 -  08:51:24.717 - 	DEBUG1:		Get Direction:	 North on (x, iy)  --X:3, Y:10--  is acceptable
 -  08:51:24.717 - 	DEBUG3:		    Cartographer:	 Check Cell: False @  --X:3, Y:10-- 
 -  08:51:24.717 - 	DEBUG1:		Get Direction:	 East on (ix, y)  --X:4, Y:9--  is acceptable
 -  08:51:24.717 - 	DEBUG3:		    Cartographer:	 Check Cell: False @  --X:4, Y:9-- 
 -  08:51:24.717 - 	DEBUG1:		Get Direction:	 South on (x, iy)  --X:3, Y:8--  is acceptable
 -  08:51:24.717 - 	DEBUG3:		    Cartographer:	 Check Cell: False @  --X:3, Y:8-- 
 -  08:51:24.717 - 	DEBUG1:		Get Direction:	 West on (ix, y)  --X:2, Y:9--  is acceptable
 -  08:51:24.717 - 	DEBUG3:		    Cartographer:	 Check Cell: True @  --X:2, Y:9-- 
 -  08:51:24.717 - 	DEBUG1:		Get Direction:	 Direction Return = 21
 
 -  08:51:24.717 - 	INFO:	  Build Path: Choosing direction
 -  08:51:24.717 - 	INFO:	  Building Down(South)
 -  08:51:24.717 - 	DEBUG2:		  Moving to:  --X:3, Y:8-- 
 
 -  08:51:24.717 - 	INFO:	  Tour: Position:  --X:3, Y:9-- 
 -  08:51:24.717 - 	DEBUG1:		Tour: X axis <=> Left: 2 - Right: 4
 -  08:51:24.717 - 	DEBUG1:		Tour: Y axis <=> Up: 10 - Down: 8
 -  08:51:24.717 - 	DEBUG3:		    Cell sent to Cartographer:  --X:3, Y:9-- 
 -  08:51:24.717 - 	DEBUG3:		    Cartographer:	 Marking Visited
 
 -  08:51:24.717 - 	DEBUG2:		  Tour: Left
 -  08:51:24.717 - 	DEBUG3:		    Cell sent to Cartographer:  --X:2, Y:9-- 
 
 -  08:51:24.717 - 	DEBUG2:		  Tour: Right
 -  08:51:24.717 - 	DEBUG3:		    Cell sent to Cartographer:  --X:4, Y:9-- 
 -  08:51:24.717 - 	DEBUG3:		    Cartographer:	 Marking Visited
 
 -  08:51:24.717 - 	DEBUG2:		  Tour: Left & Up
 -  08:51:24.717 - 	DEBUG3:		    Cell sent to Cartographer:  --X:2, Y:10-- 
 
 -  08:51:24.717 - 	DEBUG2:		  Tour: Right & Up
 -  08:51:24.717 - 	DEBUG3:		    Cell sent to Cartographer:  --X:4, Y:10-- 
 -  08:51:24.717 - 	DEBUG3:		    Cartographer:	 Marking Visited
 
 -  08:51:24.717 - 	INFO:	  Build Path: Adding position to PATH HISTORY --X:3, Y:8-- 
 -  08:51:24.717 - 	INFO:	  	Getting Directions....
 -  08:51:24.717 - 	DEBUG1:		Get Direction:	 North on (x, iy)  --X:3, Y:9--  is acceptable
 -  08:51:24.717 - 	DEBUG3:		    Cartographer:	 Check Cell: True @  --X:3, Y:9-- 
 -  08:51:24.717 - 	DEBUG1:		Get Direction:	 South on (x, iy)  --X:3, Y:7--  is acceptable
 -  08:51:24.717 - 	DEBUG3:		    Cartographer:	 Check Cell: False @  --X:3, Y:7-- 
 -  08:51:24.717 - 	DEBUG1:		Get Direction:	 Direction Return = 16
 -  08:51:24.717 - 	INFO:	  Build Path: Choosing direction
 -  08:51:24.717 - 	INFO:	  Building Down(South)
 -  08:51:24.717 - 	DEBUG2:		  Moving to:  --X:3, Y:7-- 
 -  08:51:24.717 - 	INFO:	  Tour: Position:  --X:3, Y:8-- 
 -  08:51:24.717 - 	DEBUG1:		Tour: X axis <=> Left: 2 - Right: 4
 -  08:51:24.717 - 	DEBUG1:		Tour: Y axis <=> Up: 9 - Down: 7
 -  08:51:24.717 - 	DEBUG3:		    Cell sent to Cartographer:  --X:3, Y:8-- 
 -  08:51:24.717 - 	DEBUG3:		    Cartographer:	 Marking Visited
 -  08:51:24.717 - 	DEBUG2:		  Tour: Left
 -  08:51:24.717 - 	DEBUG3:		    Cell sent to Cartographer:  --X:2, Y:8-- 
 -  08:51:24.717 - 	DEBUG2:		  Tour: Right
 -  08:51:24.717 - 	DEBUG3:		    Cell sent to Cartographer:  --X:4, Y:8-- 
 -  08:51:24.717 - 	DEBUG3:		    Cartographer:	 Marking Visited
 -  08:51:24.717 - 	DEBUG2:		  Tour: Left & Up
 -  08:51:24.717 - 	DEBUG3:		    Cell sent to Cartographer:  --X:2, Y:9-- 
 -  08:51:24.717 - 	DEBUG2:		  Tour: Right & Up
 -  08:51:24.717 - 	DEBUG3:		    Cell sent to Cartographer:  --X:4, Y:9-- 
 -  08:51:24.717 - 	INFO:	  Build Path: Adding position to PATH HISTORY --X:3, Y:7-- 
 -  08:51:24.717 - 	INFO:	  	Getting Directions....
 -  08:51:24.717 - 	DEBUG1:		Get Direction:	 North on (x, iy)  --X:3, Y:8--  is acceptable
 -  08:51:24.717 - 	DEBUG3:		    Cartographer:	 Check Cell: True @  --X:3, Y:8-- 
 -  08:51:24.717 - 	DEBUG1:		Get Direction:	 East on (ix, y)  --X:4, Y:7--  is acceptable
 -  08:51:24.717 - 	DEBUG3:		    Cartographer:	 Check Cell: False @  --X:4, Y:7-- 
 -  08:51:24.717 - 	DEBUG1:		Get Direction:	 South on (x, iy)  --X:3, Y:6--  is acceptable
 -  08:51:24.717 - 	DEBUG3:		    Cartographer:	 Check Cell: False @  --X:3, Y:6-- 
 -  08:51:24.717 - 	DEBUG1:		Get Direction:	 West on (ix, y)  --X:2, Y:7--  is acceptable
 -  08:51:24.717 - 	DEBUG3:		    Cartographer:	 Check Cell: True @  --X:2, Y:7-- 
 -  08:51:24.717 - 	DEBUG1:		Get Direction:	 Direction Return = 20
 -  08:51:24.717 - 	INFO:	  Build Path: Choosing direction
 -  08:51:24.717 - 	INFO:	  Building Right(East)
 -  08:51:24.717 - 	DEBUG2:		  Moving to:  --X:4, Y:7-- 
 -  08:51:24.717 - 	INFO:	  Tour: Position:  --X:3, Y:7-- 
 -  08:51:24.717 - 	DEBUG1:		Tour: X axis <=> Left: 2 - Right: 4
 -  08:51:24.717 - 	DEBUG1:		Tour: Y axis <=> Up: 8 - Down: 6
 -  08:51:24.717 - 	DEBUG3:		    Cell sent to Cartographer:  --X:3, Y:7-- 
 -  08:51:24.717 - 	DEBUG3:		    Cartographer:	 Marking Visited
 -  08:51:24.717 - 	DEBUG2:		  Tour: Down
 -  08:51:24.717 - 	DEBUG3:		    Cell sent to Cartographer:  --X:3, Y:6-- 
 -  08:51:24.717 - 	DEBUG3:		    Cartographer:	 Marking Visited
 -  08:51:24.717 - 	DEBUG2:		  Tour: Up
 -  08:51:24.717 - 	DEBUG3:		    Cell sent to Cartographer:  --X:3, Y:8-- 
 -  08:51:24.717 - 	DEBUG2:		  Tour: Left & Down
 -  08:51:24.717 - 	DEBUG3:		    Cell sent to Cartographer:  --X:2, Y:6-- 
 -  08:51:24.717 - 	DEBUG2:		  Tour: Left & Up
 -  08:51:24.717 - 	DEBUG3:		    Cell sent to Cartographer:  --X:2, Y:8-- 
 -  08:51:24.717 - 	INFO:	  Build Path: Adding position to PATH HISTORY --X:4, Y:7-- 
 -  08:51:24.717 - 	INFO:	  	Getting Directions....
 -  08:51:24.717 - 	DEBUG1:		Get Direction:	 East on (ix, y)  --X:5, Y:7--  is acceptable
 -  08:51:24.717 - 	DEBUG3:		    Cartographer:	 Check Cell: False @  --X:5, Y:7-- 
 -  08:51:24.717 - 	DEBUG1:		Get Direction:	 West on (ix, y)  --X:3, Y:7--  is acceptable
 -  08:51:24.717 - 	DEBUG3:		    Cartographer:	 Check Cell: True @  --X:3, Y:7-- 
 -  08:51:24.717 - 	DEBUG1:		Get Direction:	 Direction Return = 4
 -  08:51:24.717 - 	INFO:	  Build Path: Choosing direction
 -  08:51:24.717 - 	INFO:	  Building Right(East)
 -  08:51:24.717 - 	DEBUG2:		  Moving to:  --X:5, Y:7-- 
 -  08:51:24.717 - 	INFO:	  Tour: Position:  --X:4, Y:7-- 
 -  08:51:24.717 - 	DEBUG1:		Tour: X axis <=> Left: 3 - Right: 5
 -  08:51:24.717 - 	DEBUG1:		Tour: Y axis <=> Up: 8 - Down: 6
 -  08:51:24.717 - 	DEBUG3:		    Cell sent to Cartographer:  --X:4, Y:7-- 
 -  08:51:24.717 - 	DEBUG3:		    Cartographer:	 Marking Visited
 -  08:51:24.717 - 	DEBUG2:		  Tour: Down
 -  08:51:24.717 - 	DEBUG3:		    Cell sent to Cartographer:  --X:4, Y:6-- 
 -  08:51:24.717 - 	DEBUG3:		    Cartographer:	 Marking Visited
 -  08:51:24.717 - 	DEBUG2:		  Tour: Up
 -  08:51:24.717 - 	DEBUG3:		    Cell sent to Cartographer:  --X:4, Y:8-- 
 -  08:51:24.717 - 	DEBUG2:		  Tour: Left & Down
 -  08:51:24.717 - 	DEBUG3:		    Cell sent to Cartographer:  --X:3, Y:6-- 
 -  08:51:24.717 - 	DEBUG2:		  Tour: Left & Up
 -  08:51:24.717 - 	DEBUG3:		    Cell sent to Cartographer:  --X:3, Y:8-- 
 -  08:51:24.717 - 	INFO:	  Build Path: Adding position to PATH HISTORY --X:5, Y:7-- 
 -  08:51:24.717 - 	INFO:	  	Getting Directions....
 -  08:51:24.717 - 	DEBUG1:		Get Direction:	 North on (x, iy)  --X:5, Y:8--  is acceptable
 -  08:51:24.717 - 	DEBUG3:		    Cartographer:	 Check Cell: False @  --X:5, Y:8-- 
 -  08:51:24.717 - 	DEBUG1:		Get Direction:	 East on (ix, y)  --X:6, Y:7--  is acceptable
 -  08:51:24.717 - 	DEBUG3:		    Cartographer:	 Check Cell: False @  --X:6, Y:7-- 
 -  08:51:24.717 - 	DEBUG1:		Get Direction:	 South on (x, iy)  --X:5, Y:6--  is acceptable
 -  08:51:24.717 - 	DEBUG3:		    Cartographer:	 Check Cell: False @  --X:5, Y:6-- 
 -  08:51:24.717 - 	DEBUG1:		Get Direction:	 West on (ix, y)  --X:4, Y:7--  is acceptable
 -  08:51:24.717 - 	DEBUG3:		    Cartographer:	 Check Cell: True @  --X:4, Y:7-- 
 -  08:51:24.717 - 	DEBUG1:		Get Direction:	 Direction Return = 21
 -  08:51:24.717 - 	INFO:	  Build Path: Choosing direction
 -  08:51:24.717 - 	INFO:	  Building Up(North)
 -  08:51:24.717 - 	DEBUG2:		  Moving to:  --X:5, Y:8-- 
 -  08:51:24.717 - 	INFO:	  Tour: Position:  --X:5, Y:7-- 
 -  08:51:24.717 - 	DEBUG1:		Tour: X axis <=> Left: 4 - Right: 6
 -  08:51:24.717 - 	DEBUG1:		Tour: Y axis <=> Up: 8 - Down: 6
 -  08:51:24.717 - 	DEBUG3:		    Cell sent to Cartographer:  --X:5, Y:7-- 
 -  08:51:24.717 - 	DEBUG3:		    Cartographer:	 Marking Visited
 -  08:51:24.717 - 	DEBUG2:		  Tour: Left
 -  08:51:24.717 - 	DEBUG3:		    Cell sent to Cartographer:  --X:4, Y:7-- 
 -  08:51:24.717 - 	DEBUG2:		  Tour: Right
 -  08:51:24.717 - 	DEBUG3:		    Cell sent to Cartographer:  --X:6, Y:7-- 
 -  08:51:24.717 - 	DEBUG3:		    Cartographer:	 Marking Visited
 -  08:51:24.717 - 	DEBUG2:		  Tour: Left & Down
 -  08:51:24.717 - 	DEBUG3:		    Cell sent to Cartographer:  --X:4, Y:6-- 
 -  08:51:24.717 - 	DEBUG2:		  Tour: Right & Down
 -  08:51:24.717 - 	DEBUG3:		    Cell sent to Cartographer:  --X:6, Y:6-- 
 -  08:51:24.717 - 	DEBUG3:		    Cartographer:	 Marking Visited
 -  08:51:24.717 - 	INFO:	  Build Path: Adding position to PATH HISTORY --X:5, Y:8-- 

 
 
 
 
 
 
 
 
 
 
 -  08:51:27.572 - 	INFO:	  	Getting Directions....
 -  08:51:27.572 - 	DEBUG1:		Get Direction:	 North on (x, iy)  --X:3, Y:15--  is acceptable
 -  08:51:27.572 - 	DEBUG3:		    Cartographer:	 Check Cell: True @  --X:3, Y:15-- 
 -  08:51:27.572 - 	DEBUG1:		Get Direction:	 South on (x, iy)  --X:3, Y:13--  is acceptable
 -  08:51:27.572 - 	DEBUG3:		    Cartographer:	 Check Cell: False @  --X:3, Y:13-- 
 -  08:51:27.572 - 	DEBUG1:		Get Direction:	 Direction Return = 16
 -  08:51:27.572 - 	INFO:	  Build Path: Choosing direction
 -  08:51:27.572 - 	INFO:	  Building Down(South)
 -  08:51:27.572 - 	DEBUG2:		  Moving to:  --X:3, Y:13-- 
 -  08:51:27.572 - 	INFO:	  Tour: Position:  --X:3, Y:14-- 
 -  08:51:27.572 - 	DEBUG1:		Tour: X axis <=> Left: 2 - Right: 4
 -  08:51:27.572 - 	DEBUG1:		Tour: Y axis <=> Up: 15 - Down: 13
 -  08:51:27.572 - 	DEBUG3:		    Cell sent to Cartographer:  --X:3, Y:14-- 
 -  08:51:27.572 - 	DEBUG2:		  Tour: Left
 -  08:51:27.572 - 	DEBUG3:		    Cell sent to Cartographer:  --X:2, Y:14-- 
 -  08:51:27.572 - 	DEBUG2:		  Tour: Right
 -  08:51:27.572 - 	DEBUG3:		    Cell sent to Cartographer:  --X:4, Y:14-- 
 -  08:51:27.572 - 	DEBUG2:		  Tour: Left & Up
 -  08:51:27.572 - 	DEBUG3:		    Cell sent to Cartographer:  --X:2, Y:15-- 
 -  08:51:27.572 - 	DEBUG2:		  Tour: Right & Up
 -  08:51:27.572 - 	DEBUG3:		    Cell sent to Cartographer:  --X:4, Y:15-- 
 -  08:51:27.572 - 	INFO:	  Build Path: Adding position to PATH HISTORY --X:3, Y:13-- 
 -  08:51:27.572 - 	INFO:	  	Getting Directions....
 -  08:51:27.572 - 	DEBUG1:		Get Direction:	 North on (x, iy)  --X:3, Y:14--  is acceptable
 -  08:51:27.572 - 	DEBUG3:		    Cartographer:	 Check Cell: True @  --X:3, Y:14-- 
 -  08:51:27.572 - 	DEBUG1:		Get Direction:	 East on (ix, y)  --X:4, Y:13--  is acceptable
 -  08:51:27.572 - 	DEBUG3:		    Cartographer:	 Check Cell: False @  --X:4, Y:13-- 
 -  08:51:27.572 - 	DEBUG1:		Get Direction:	 South on (x, iy)  --X:3, Y:12--  is acceptable
 -  08:51:27.572 - 	DEBUG3:		    Cartographer:	 Check Cell: False @  --X:3, Y:12-- 
 -  08:51:27.572 - 	DEBUG1:		Get Direction:	 West on (ix, y)  --X:2, Y:13--  is acceptable
 -  08:51:27.572 - 	DEBUG3:		    Cartographer:	 Check Cell: False @  --X:2, Y:13-- 
 -  08:51:27.572 - 	DEBUG1:		Get Direction:	 Direction Return = 84
 -  08:51:27.572 - 	INFO:	  Build Path: Choosing direction
 -  08:51:27.572 - 	INFO:	  Building Right(East)
 -  08:51:27.572 - 	DEBUG2:		  Moving to:  --X:4, Y:13-- 
 -  08:51:27.572 - 	INFO:	  Tour: Position:  --X:3, Y:13-- 
 -  08:51:27.572 - 	DEBUG1:		Tour: X axis <=> Left: 2 - Right: 4
 -  08:51:27.572 - 	DEBUG1:		Tour: Y axis <=> Up: 14 - Down: 12
 -  08:51:27.572 - 	DEBUG3:		    Cell sent to Cartographer:  --X:3, Y:13-- 
 -  08:51:27.572 - 	DEBUG3:		    Cartographer:	 Marking Visited
 -  08:51:27.572 - 	DEBUG2:		  Tour: Down
 -  08:51:27.572 - 	DEBUG3:		    Cell sent to Cartographer:  --X:3, Y:12-- 
 -  08:51:27.572 - 	DEBUG3:		    Cartographer:	 Marking Visited
 -  08:51:27.572 - 	DEBUG2:		  Tour: Up
 -  08:51:27.572 - 	DEBUG3:		    Cell sent to Cartographer:  --X:3, Y:14-- 
 -  08:51:27.572 - 	DEBUG2:		  Tour: Left & Down
 -  08:51:27.572 - 	DEBUG3:		    Cell sent to Cartographer:  --X:2, Y:12-- 
 -  08:51:27.572 - 	DEBUG3:		    Cartographer:	 Marking Visited
 -  08:51:27.572 - 	DEBUG2:		  Tour: Left & Up
 -  08:51:27.572 - 	DEBUG3:		    Cell sent to Cartographer:  --X:2, Y:14-- 
 -  08:51:27.572 - 	INFO:	  Build Path: Adding position to PATH HISTORY --X:4, Y:13-- 
 -  08:51:27.572 - 	INFO:	  	Getting Directions....
 -  08:51:27.572 - 	DEBUG1:		Get Direction:	 East on (ix, y)  --X:5, Y:13--  is acceptable
 -  08:51:27.572 - 	DEBUG3:		    Cartographer:	 Check Cell: True @  --X:5, Y:13-- 
 -  08:51:27.572 - 	DEBUG1:		Get Direction:	 West on (ix, y)  --X:3, Y:13--  is acceptable
 -  08:51:27.572 - 	DEBUG3:		    Cartographer:	 Check Cell: True @  --X:3, Y:13-- 
 -  08:51:27.572 - 	DEBUG1:		Get Direction:	 Direction Return = 0
 -  08:51:27.572 - 	INFO:	  Calling backtrack()
 -  08:51:27.572 - 	DEBUG3:		    Cell sent to Cartographer:  --X:4, Y:13-- 
 -  08:51:27.572 - 	DEBUG3:		    Cartographer:	 Marking Visited
 -  08:51:27.572 - 	INFO:	  Backtrack:	 Removed top Cell from Stack
 -  08:51:27.572 - 	INFO:	  Backtrack:	 Acquired top Cell from Stack:  --X:3, Y:13-- 
 -  08:51:30.567 - 	DEBUG1:		Backtrack:	 North on (x, iy)  --X:3, Y:15--  is acceptable
 -  08:51:30.567 - 	DEBUG3:		    Cartographer:	 Check Cell: True @  --X:3, Y:15-- 
 -  08:51:30.567 - 	DEBUG1:		Backtrack:	 East on (ix, y)  --X:5, Y:13--  is acceptable
 -  08:51:30.567 - 	DEBUG3:		    Cartographer:	 Check Cell: True @  --X:5, Y:13-- 
 -  08:51:30.567 - 	DEBUG1:		Backtrack:	 South on (x, iy)  --X:3, Y:11--  is acceptable
 -  08:51:30.567 - 	DEBUG3:		    Cartographer:	 Check Cell: False @  --X:3, Y:11-- 
 -  08:51:30.567 - 	DEBUG1:		backtrack() succeeded
 
 
 
 
 -  08:51:30.567 - 	DEBUG1:		backtrack() found: --X:3, Y:12-- 
 -  08:51:30.567 - 	DEBUG1:		Cartographer:	 Total Cells Visited: 652
 -  08:51:30.567 - 	INFO:	  About to start building a path
 -  08:51:30.567 - 	INFO:	  	Getting Directions....
 -  08:51:30.567 - 	DEBUG1:		Get Direction:	 North on (x, iy)  --X:3, Y:13--  is acceptable
 -  08:51:30.567 - 	DEBUG3:		    Cartographer:	 Check Cell: True @  --X:3, Y:13-- 
 -  08:51:30.567 - 	DEBUG1:		Get Direction:	 South on (x, iy)  --X:3, Y:11--  is acceptable
 -  08:51:30.567 - 	DEBUG3:		    Cartographer:	 Check Cell: False @  --X:3, Y:11-- 
 -  08:51:30.567 - 	DEBUG1:		Get Direction:	 Direction Return = 16
 
 -  08:51:30.567 - 	INFO:	  Build Path: Choosing direction
 -  08:51:30.567 - 	INFO:	  Building Down(South)
 -  08:51:30.567 - 	DEBUG2:		  Moving to:  --X:3, Y:11-- 
 -  08:51:30.567 - 	INFO:	  Tour: Position:  --X:3, Y:12-- 
 -  08:51:30.567 - 	DEBUG1:		Tour: X axis <=> Left: 2 - Right: 4
 -  08:51:30.567 - 	DEBUG1:		Tour: Y axis <=> Up: 13 - Down: 11
 -  08:51:30.567 - 	DEBUG3:		    Cell sent to Cartographer:  --X:3, Y:12-- 
 -  08:51:30.567 - 	DEBUG2:		  Tour: Left
 -  08:51:30.567 - 	DEBUG3:		    Cell sent to Cartographer:  --X:2, Y:12-- 
 -  08:51:30.567 - 	DEBUG2:		  Tour: Right
 -  08:51:30.567 - 	DEBUG3:		    Cell sent to Cartographer:  --X:4, Y:12-- 
 -  08:51:30.567 - 	DEBUG2:		  Tour: Left & Up
 -  08:51:30.567 - 	DEBUG3:		    Cell sent to Cartographer:  --X:2, Y:13-- 
 -  08:51:30.567 - 	DEBUG3:		    Cartographer:	 Marking Visited
 -  08:51:30.567 - 	DEBUG2:		  Tour: Right & Up
 -  08:51:30.567 - 	DEBUG3:		    Cell sent to Cartographer:  --X:4, Y:13-- 
 -  08:51:30.567 - 	INFO:	  Build Path: Adding position to PATH HISTORY --X:3, Y:11-- 
 
 -  08:51:30.567 - 	INFO:	  	Getting Directions....
 -  08:51:30.567 - 	DEBUG1:		Get Direction:	 North on (x, iy)  --X:3, Y:12--  is acceptable
 -  08:51:30.567 - 	DEBUG3:		    Cartographer:	 Check Cell: True @  --X:3, Y:12-- 
 -  08:51:30.567 - 	DEBUG1:		Get Direction:	 East on (ix, y)  --X:4, Y:11--  is acceptable
 -  08:51:30.567 - 	DEBUG3:		    Cartographer:	 Check Cell: True @  --X:4, Y:11-- 
 -  08:51:30.567 - 	DEBUG1:		Get Direction:	 South on (x, iy)  --X:3, Y:10--  is acceptable
 -  08:51:30.567 - 	DEBUG3:		    Cartographer:	 Check Cell: False @  --X:3, Y:10-- 
 -  08:51:30.567 - 	DEBUG1:		Get Direction:	 West on (ix, y)  --X:2, Y:11--  is acceptable
 -  08:51:30.567 - 	DEBUG3:		    Cartographer:	 Check Cell: False @  --X:2, Y:11-- 
 -  08:51:30.567 - 	DEBUG1:		Get Direction:	 Direction Return = 80
 
 -  08:51:30.567 - 	INFO:	  Build Path: Choosing direction
 -  08:51:30.567 - 	INFO:	  Building Down(South)
 -  08:51:30.567 - 	DEBUG2:		  Moving to:  --X:3, Y:10-- 
 -  08:51:30.567 - 	INFO:	  Tour: Position:  --X:3, Y:11-- 
 -  08:51:30.567 - 	DEBUG1:		Tour: X axis <=> Left: 2 - Right: 4
 -  08:51:30.567 - 	DEBUG1:		Tour: Y axis <=> Up: 12 - Down: 10
 -  08:51:30.567 - 	DEBUG3:		    Cell sent to Cartographer:  --X:3, Y:11-- 
 -  08:51:30.567 - 	DEBUG3:		    Cartographer:	 Marking Visited
 -  08:51:30.567 - 	DEBUG2:		  Tour: Left
 -  08:51:30.567 - 	DEBUG3:		    Cell sent to Cartographer:  --X:2, Y:11-- 
 -  08:51:30.567 - 	DEBUG3:		    Cartographer:	 Marking Visited
 -  08:51:30.567 - 	DEBUG2:		  Tour: Right
 -  08:51:30.567 - 	DEBUG3:		    Cell sent to Cartographer:  --X:4, Y:11-- 
 -  08:51:30.567 - 	DEBUG2:		  Tour: Left & Up
 -  08:51:30.567 - 	DEBUG3:		    Cell sent to Cartographer:  --X:2, Y:12-- 
 -  08:51:30.567 - 	DEBUG2:		  Tour: Right & Up
 -  08:51:30.567 - 	DEBUG3:		    Cell sent to Cartographer:  --X:4, Y:12-- 
 -  08:51:30.567 - 	INFO:	  Build Path: Adding position to PATH HISTORY --X:3, Y:10-- 
 
 -  08:51:30.567 - 	INFO:	  	Getting Directions....
 -  08:51:30.567 - 	DEBUG1:		Get Direction:	 North on (x, iy)  --X:3, Y:11--  is acceptable
 -  08:51:30.567 - 	DEBUG3:		    Cartographer:	 Check Cell: True @  --X:3, Y:11-- 
 -  08:51:30.567 - 	DEBUG1:		Get Direction:	 South on (x, iy)  --X:3, Y:9--  is acceptable
 -  08:51:30.567 - 	DEBUG3:		    Cartographer:	 Check Cell: True @  --X:3, Y:9-- 
 -  08:51:30.567 - 	DEBUG1:		Get Direction:	 Direction Return = 0
 -  08:51:30.567 - 	INFO:	  Calling backtrack()
 -  08:51:30.567 - 	DEBUG3:		    Cell sent to Cartographer:  --X:3, Y:10-- 
 -  08:51:30.567 - 	DEBUG3:		    Cartographer:	 Marking Visited
 -  08:51:30.567 - 	INFO:	  Backtrack:	 Removed top Cell from Stack
 -  08:51:30.567 - 	INFO:	  Backtrack:	 Acquired top Cell from Stack:  --X:3, Y:11-- 