Build started 11/13/2014 11:19:57 AM.
     1>Project "U:\Project management\Combat_With_StatSystem\Combat_With_StatSystem\Combat_With_StatSystem.vcxproj" on node 2 (Build target(s)).
     1>ClCompile:
         C:\Program Files (x86)\Microsoft Visual Studio 12.0\VC\bin\CL.exe /c /ZI /nologo /W3 /WX- /sdl /Od /Oy- /D _MBCS /Gm /EHsc /RTC1 /MDd /GS /fp:precise /Zc:wchar_t /Zc:forScope /Fo"Debug\\" /Fd"Debug\vc120.pdb" /Gd /TP /analyze- /errorReport:prompt Combat.cpp Main.cpp Player.cpp Stat_System.cpp engine_funcs.cpp input.cpp items.cpp
         Combat.cpp
     1>u:\project management\combat_with_statsystem\combat_with_statsystem\combat.cpp(30): warning C4390: ';' : empty controlled statement found; is this the intent?
         Generating Code...
         Compiling...
         Main.cpp
     1>u:\project management\combat_with_statsystem\combat_with_statsystem\main.cpp(27): warning C4244: 'argument' : conversion from 'time_t' to 'unsigned int', possible loss of data
         Generating Code...
         Skipping... (no relevant changes detected)
         items.cpp
         input.cpp
         Stat_System.cpp
         Player.cpp
         engine_funcs.cpp
       Link:
         C:\Program Files (x86)\Microsoft Visual Studio 12.0\VC\bin\link.exe /ERRORREPORT:PROMPT /OUT:"U:\Project management\Combat_With_StatSystem\Debug\Combat_With_StatSystem.exe" /INCREMENTAL /NOLOGO opengl32.lib blit3d_debug.lib kernel32.lib user32.lib gdi32.lib winspool.lib comdlg32.lib advapi32.lib shell32.lib ole32.lib oleaut32.lib uuid.lib odbc32.lib odbccp32.lib kernel32.lib user32.lib gdi32.lib winspool.lib comdlg32.lib advapi32.lib shell32.lib ole32.lib oleaut32.lib uuid.lib odbc32.lib odbccp32.lib /MANIFEST /MANIFESTUAC:"level='asInvoker' uiAccess='false'" /manifest:embed /DEBUG /PDB:"U:\Project management\Combat_With_StatSystem\Debug\Combat_With_StatSystem.pdb" /TLBID:1 /DYNAMICBASE /NXCOMPAT /IMPLIB:"U:\Project management\Combat_With_StatSystem\Debug\Combat_With_StatSystem.lib" /MACHINE:X86 Debug\Combat.obj
         Debug\engine_funcs.obj
         Debug\input.obj
         Debug\items.obj
         Debug\Main.obj
         Debug\Player.obj
         Debug\Stat_System.obj
         Combat_With_StatSystem.vcxproj -> U:\Project management\Combat_With_StatSystem\Debug\Combat_With_StatSystem.exe
     1>Done Building Project "U:\Project management\Combat_With_StatSystem\Combat_With_StatSystem\Combat_With_StatSystem.vcxproj" (Build target(s)).

Build succeeded.

Time Elapsed 00:00:06.46
