Build started 11/13/2014 10:23:46 AM.
     1>Project "C:\Users\2019459\Desktop\Project Management Code\Cheryl\Modules\InputManagement\InputManagement\InputManagement.vcxproj" on node 2 (Build target(s)).
     1>ClCompile:
         C:\Program Files (x86)\Microsoft Visual Studio 12.0\VC\bin\CL.exe /c /ZI /nologo /W3 /WX- /sdl /Od /Oy- /D _MBCS /Gm /EHsc /RTC1 /MDd /GS /fp:precise /Zc:wchar_t /Zc:forScope /Fo"Debug\\" /Fd"Debug\vc120.pdb" /Gd /TP /analyze- /errorReport:prompt engine_funcs.cpp input.cpp main.cpp
         input.cpp
     1>c:\users\2019459\desktop\project management code\cheryl\modules\inputmanagement\inputmanagement\input.cpp(27): warning C4018: '<' : signed/unsigned mismatch
         Generating Code...
         Compiling...
         main.cpp
         engine_funcs.cpp
     1>c:\users\2019459\desktop\project management code\cheryl\libraries\debug_toolset.h(83): warning C4244: '=' : conversion from '__int64' to 'int', possible loss of data
     1>c:\users\2019459\desktop\project management code\cheryl\libraries\debug_toolset.h(80): warning C4101: 'clock' : unreferenced local variable
     1>c:\users\2019459\desktop\project management code\cheryl\libraries\debug_toolset.h(292): warning C4101: 'exception' : unreferenced local variable
     1>c:\users\2019459\desktop\project management code\cheryl\libraries\debug_toolset.h(304): warning C4101: 'exception' : unreferenced local variable
     1>c:\users\2019459\desktop\project management code\cheryl\libraries\debug_toolset.h(316): warning C4101: 'exception' : unreferenced local variable
     1>c:\users\2019459\desktop\project management code\cheryl\libraries\debug_toolset.h(326): warning C4018: '<' : signed/unsigned mismatch
     1>c:\users\2019459\desktop\project management code\cheryl\libraries\debug_toolset.h(342): warning C4018: '<' : signed/unsigned mismatch
     1>c:\users\2019459\desktop\project management code\cheryl\libraries\debug_toolset.h(362): warning C4018: '<' : signed/unsigned mismatch
     1>c:\users\2019459\desktop\project management code\cheryl\libraries\debug_toolset.h(367): warning C4018: '<' : signed/unsigned mismatch
     1>c:\users\2019459\desktop\project management code\cheryl\libraries\debug_toolset.h(373): warning C4018: '<' : signed/unsigned mismatch
     1>c:\users\2019459\desktop\project management code\cheryl\libraries\debug_toolset.h(421): warning C4018: '<' : signed/unsigned mismatch
     1>c:\users\2019459\desktop\project management code\cheryl\libraries\debug_toolset.h(431): warning C4018: '<' : signed/unsigned mismatch
         Generating Code...
       Link:
         C:\Program Files (x86)\Microsoft Visual Studio 12.0\VC\bin\link.exe /ERRORREPORT:PROMPT /OUT:"C:\Users\2019459\Desktop\Project Management Code\Cheryl\Modules\InputManagement\Debug\InputManagement.exe" /INCREMENTAL /NOLOGO opengl32.lib blit3d_debug.lib kernel32.lib user32.lib gdi32.lib winspool.lib comdlg32.lib advapi32.lib shell32.lib ole32.lib oleaut32.lib uuid.lib odbc32.lib odbccp32.lib kernel32.lib user32.lib gdi32.lib winspool.lib comdlg32.lib advapi32.lib shell32.lib ole32.lib oleaut32.lib uuid.lib odbc32.lib odbccp32.lib /MANIFEST /MANIFESTUAC:"level='asInvoker' uiAccess='false'" /manifest:embed /DEBUG /PDB:"C:\Users\2019459\Desktop\Project Management Code\Cheryl\Modules\InputManagement\Debug\InputManagement.pdb" /TLBID:1 /DYNAMICBASE /NXCOMPAT /IMPLIB:"C:\Users\2019459\Desktop\Project Management Code\Cheryl\Modules\InputManagement\Debug\InputManagement.lib" /MACHINE:X86 Debug\engine_funcs.obj
         Debug\input.obj
         Debug\main.obj
     1>LINK : warning LNK4098: defaultlib 'MSVCRT' conflicts with use of other libs; use /NODEFAULTLIB:library
     1>Debug_Toolset.lib(debug_toolset.obj) : warning LNK4099: PDB 'vc120.pdb' was not found with 'Debug_Toolset.lib(debug_toolset.obj)' or at 'C:\Users\2019459\Desktop\Project Management Code\Cheryl\Modules\InputManagement\Debug\vc120.pdb'; linking object as if no debug info
         InputManagement.vcxproj -> C:\Users\2019459\Desktop\Project Management Code\Cheryl\Modules\InputManagement\Debug\InputManagement.exe
     1>Done Building Project "C:\Users\2019459\Desktop\Project Management Code\Cheryl\Modules\InputManagement\InputManagement\InputManagement.vcxproj" (Build target(s)).

Build succeeded.

Time Elapsed 00:00:03.41
