Build started 11/18/2014 9:34:32 AM.
     1>Project "C:\Users\1043468\Desktop\Project Programming\Engine_Prototype\Engine_Prototype\Engine_Prototype.vcxproj" on node 2 (Build target(s)).
     1>ClCompile:
         C:\Program Files (x86)\Microsoft Visual Studio 12.0\VC\bin\CL.exe /c /ZI /nologo /W3 /WX- /sdl /Od /Oy- /D WIN32 /D _DEBUG /D _CONSOLE /D _LIB /D _UNICODE /D UNICODE /Gm /EHsc /RTC1 /MDd /GS /fp:precise /Zc:wchar_t /Zc:forScope /Fo"Debug\\" /Fd"Debug\vc120.pdb" /Gd /TP /analyze- /errorReport:prompt Combat.cpp engine_funcs.cpp input.cpp items.cpp main.cpp MainCombat.cpp mainInput.cpp Player.cpp S3DMesh.cpp Stat_System.cpp texture_mgr.cpp
         texture_mgr.cpp
         Stat_System.cpp
     1>c:\users\1043468\desktop\project programming\engine_prototype\engine_prototype\stat_system.cpp(6): warning C4244: '=' : conversion from 'float' to 'int', possible loss of data
     1>c:\users\1043468\desktop\project programming\engine_prototype\engine_prototype\stat_system.cpp(15): warning C4244: '=' : conversion from 'float' to 'int', possible loss of data
     1>c:\users\1043468\desktop\project programming\engine_prototype\engine_prototype\stat_system.cpp(19): warning C4244: '=' : conversion from 'float' to 'int', possible loss of data
     1>c:\users\1043468\desktop\project programming\engine_prototype\engine_prototype\stat_system.cpp(27): warning C4244: '=' : conversion from 'double' to 'int', possible loss of data
     1>c:\users\1043468\desktop\project programming\engine_prototype\engine_prototype\stat_system.cpp(36): warning C4244: '=' : conversion from 'float' to 'int', possible loss of data
     1>c:\users\1043468\desktop\project programming\engine_prototype\engine_prototype\stat_system.cpp(40): warning C4244: '=' : conversion from 'float' to 'int', possible loss of data
     1>c:\users\1043468\desktop\project programming\engine_prototype\engine_prototype\stat_system.cpp(49): warning C4244: '=' : conversion from 'float' to 'int', possible loss of data
     1>c:\users\1043468\desktop\project programming\engine_prototype\engine_prototype\stat_system.cpp(53): warning C4244: '=' : conversion from 'float' to 'int', possible loss of data
     1>c:\users\1043468\desktop\project programming\engine_prototype\engine_prototype\stat_system.cpp(60): warning C4244: '=' : conversion from 'float' to 'int', possible loss of data
     1>c:\users\1043468\desktop\project programming\engine_prototype\engine_prototype\stat_system.cpp(67): warning C4244: '=' : conversion from 'float' to 'int', possible loss of data
     1>c:\users\1043468\desktop\project programming\engine_prototype\engine_prototype\stat_system.cpp(74): warning C4244: '=' : conversion from 'float' to 'int', possible loss of data
         S3DMesh.cpp
         Player.cpp
     1>c:\users\1043468\desktop\project programming\engine_prototype\engine_prototype\player.cpp(126): error C2065: 'tempStrMod' : undeclared identifier
     1>c:\users\1043468\desktop\project programming\engine_prototype\engine_prototype\player.cpp(127): error C2065: 'tempIntelMod' : undeclared identifier
     1>c:\users\1043468\desktop\project programming\engine_prototype\engine_prototype\player.cpp(128): error C2065: 'tempSpdMod' : undeclared identifier
     1>c:\users\1043468\desktop\project programming\engine_prototype\engine_prototype\player.cpp(129): error C2065: 'tempConMod' : undeclared identifier
     1>c:\users\1043468\desktop\project programming\engine_prototype\engine_prototype\player.cpp(130): error C2065: 'tempDamageMod' : undeclared identifier
     1>c:\users\1043468\desktop\project programming\engine_prototype\engine_prototype\player.cpp(131): error C2065: 'tempMagicSkillDamageMod' : undeclared identifier
     1>c:\users\1043468\desktop\project programming\engine_prototype\engine_prototype\player.cpp(132): error C2065: 'tempPhysicalSkillDamageMod' : undeclared identifier
     1>c:\users\1043468\desktop\project programming\engine_prototype\engine_prototype\player.cpp(133): error C2065: 'tempDamageReductionMod' : undeclared identifier
     1>c:\users\1043468\desktop\project programming\engine_prototype\engine_prototype\player.cpp(136): error C2065: 'tempStrMod' : undeclared identifier
     1>c:\users\1043468\desktop\project programming\engine_prototype\engine_prototype\player.cpp(137): error C2065: 'tempIntelMod' : undeclared identifier
     1>c:\users\1043468\desktop\project programming\engine_prototype\engine_prototype\player.cpp(138): error C2065: 'tempSpdMod' : undeclared identifier
     1>c:\users\1043468\desktop\project programming\engine_prototype\engine_prototype\player.cpp(139): error C2065: 'tempConMod' : undeclared identifier
     1>c:\users\1043468\desktop\project programming\engine_prototype\engine_prototype\player.cpp(140): error C2065: 'tempDamageMod' : undeclared identifier
     1>c:\users\1043468\desktop\project programming\engine_prototype\engine_prototype\player.cpp(141): error C2065: 'tempMagicSkillDamageMod' : undeclared identifier
     1>c:\users\1043468\desktop\project programming\engine_prototype\engine_prototype\player.cpp(142): error C2065: 'tempPhysicalSkillDamageMod' : undeclared identifier
     1>c:\users\1043468\desktop\project programming\engine_prototype\engine_prototype\player.cpp(143): error C2065: 'tempDamageReductionMod' : undeclared identifier
         mainInput.cpp
         MainCombat.cpp
     1>c:\users\1043468\desktop\project programming\engine_prototype\engine_prototype\maincombat.cpp(29): warning C4244: 'argument' : conversion from 'time_t' to 'unsigned int', possible loss of data
         main.cpp
         items.cpp
         input.cpp
     1>c:\users\1043468\desktop\project programming\engine_prototype\engine_prototype\input.cpp(27): warning C4018: '<' : signed/unsigned mismatch
         engine_funcs.cpp
     1>c:\users\1043468\desktop\project programming\cheryl\libraries\debug_toolset.h(83): warning C4244: '=' : conversion from '__int64' to 'int', possible loss of data
     1>c:\users\1043468\desktop\project programming\cheryl\libraries\debug_toolset.h(80): warning C4101: 'clock' : unreferenced local variable
     1>c:\users\1043468\desktop\project programming\cheryl\libraries\debug_toolset.h(292): warning C4101: 'exception' : unreferenced local variable
     1>c:\users\1043468\desktop\project programming\cheryl\libraries\debug_toolset.h(304): warning C4101: 'exception' : unreferenced local variable
     1>c:\users\1043468\desktop\project programming\cheryl\libraries\debug_toolset.h(316): warning C4101: 'exception' : unreferenced local variable
     1>c:\users\1043468\desktop\project programming\cheryl\libraries\debug_toolset.h(326): warning C4018: '<' : signed/unsigned mismatch
     1>c:\users\1043468\desktop\project programming\cheryl\libraries\debug_toolset.h(342): warning C4018: '<' : signed/unsigned mismatch
     1>c:\users\1043468\desktop\project programming\cheryl\libraries\debug_toolset.h(362): warning C4018: '<' : signed/unsigned mismatch
     1>c:\users\1043468\desktop\project programming\cheryl\libraries\debug_toolset.h(367): warning C4018: '<' : signed/unsigned mismatch
     1>c:\users\1043468\desktop\project programming\cheryl\libraries\debug_toolset.h(373): warning C4018: '<' : signed/unsigned mismatch
     1>c:\users\1043468\desktop\project programming\cheryl\libraries\debug_toolset.h(421): warning C4018: '<' : signed/unsigned mismatch
     1>c:\users\1043468\desktop\project programming\cheryl\libraries\debug_toolset.h(431): warning C4018: '<' : signed/unsigned mismatch
         Combat.cpp
     1>c:\users\1043468\desktop\project programming\engine_prototype\engine_prototype\combat.cpp(35): warning C4390: ';' : empty controlled statement found; is this the intent?
         Generating Code...
     1>Done Building Project "C:\Users\1043468\Desktop\Project Programming\Engine_Prototype\Engine_Prototype\Engine_Prototype.vcxproj" (Build target(s)) -- FAILED.

Build FAILED.

Time Elapsed 00:00:10.14
